<?xml version="1.0" encoding="UTF-8"?>
<!-- Generated by org.testng.reporters.JUnitReportReporter -->
<testsuite hostname="LAPTOP-9AFL4G62" failures="0" tests="1" name="home.TestFacebook" time="0.006" errors="0" timestamp="03 Jan 2018 00:36:34 GMT" skipped="0">
  <testcase classname="home.TestFacebook" name="testHome" time="0.006"/>
</testsuite> <!-- home.TestFacebook -->
